  [1m[35m (2.9ms)[0m  [1m[34mSELECT sqlite_version(*)[0m
  [1m[35m (1.9ms)[0m  [1m[35mCREATE TABLE "schema_migrations" ("version" varchar NOT NULL PRIMARY KEY)[0m
  [1m[35m (1.3ms)[0m  [1m[35mCREATE TABLE "ar_internal_metadata" ("key" varchar NOT NULL PRIMARY KEY, "value" varchar, "created_at" datetime(6) NOT NULL, "updated_at" datetime(6) NOT NULL)[0m
  [1m[35m (0.2ms)[0m  [1m[34mSELECT "schema_migrations"."version" FROM "schema_migrations" ORDER BY "schema_migrations"."version" ASC[0m
Migrating to CreateIdeas (20200412093430)
  [1m[35m (0.8ms)[0m  [1m[36mbegin transaction[0m
  [1m[35m (6.2ms)[0m  [1m[35mCREATE TABLE "ideas" ("id" integer PRIMARY KEY AUTOINCREMENT NOT NULL, "name" varchar, "description" text, "picture" varchar, "created_at" datetime(6) NOT NULL, "updated_at" datetime(6) NOT NULL)[0m
  [1m[36mprimary::SchemaMigration Create (0.3ms)[0m  [1m[32mINSERT INTO "schema_migrations" ("version") VALUES (?)[0m  [["version", "20200412093430"]]
  [1m[35m (1.3ms)[0m  [1m[36mcommit transaction[0m
  [1m[36mActiveRecord::InternalMetadata Load (0.2ms)[0m  [1m[34mSELECT "ar_internal_metadata".* FROM "ar_internal_metadata" WHERE "ar_internal_metadata"."key" = ? LIMIT ?[0m  [["key", "environment"], ["LIMIT", 1]]
  [1m[35m (0.1ms)[0m  [1m[36mbegin transaction[0m
  [1m[36mActiveRecord::InternalMetadata Create (0.5ms)[0m  [1m[32mINSERT INTO "ar_internal_metadata" ("key", "value", "created_at", "updated_at") VALUES (?, ?, ?, ?)[0m  [["key", "environment"], ["value", "development"], ["created_at", "2020-04-12 09:35:26.167815"], ["updated_at", "2020-04-12 09:35:26.167815"]]
  [1m[35m (1.2ms)[0m  [1m[36mcommit transaction[0m
  [1m[35m (1.7ms)[0m  [1m[34mSELECT sqlite_version(*)[0m
  [1m[35m (0.7ms)[0m  [1m[34mSELECT "schema_migrations"."version" FROM "schema_migrations" ORDER BY "schema_migrations"."version" ASC[0m
Started GET "/" for ::1 at 2020-04-12 11:37:38 +0200
  [1m[35m (1.9ms)[0m  [1m[34mSELECT sqlite_version(*)[0m
  [1m[35m (0.6ms)[0m  [1m[34mSELECT "schema_migrations"."version" FROM "schema_migrations" ORDER BY "schema_migrations"."version" ASC[0m
Processing by Rails::WelcomeController#index as HTML
  Rendering /Library/Ruby/Gems/2.6.0/gems/railties-6.0.2.2/lib/rails/templates/rails/welcome/index.html.erb
  Rendered /Library/Ruby/Gems/2.6.0/gems/railties-6.0.2.2/lib/rails/templates/rails/welcome/index.html.erb (Duration: 11.6ms | Allocations: 478)
Completed 200 OK in 42ms (Views: 25.6ms | ActiveRecord: 0.0ms | Allocations: 2767)


Started GET "/ideas" for ::1 at 2020-04-12 11:37:45 +0200
Processing by IdeasController#index as HTML
  Rendering ideas/index.html.erb within layouts/application
  [1m[36mIdea Load (0.5ms)[0m  [1m[34mSELECT "ideas".* FROM "ideas"[0m
  ↳ app/views/ideas/index.html.erb:16
  Rendered ideas/index.html.erb within layouts/application (Duration: 10.5ms | Allocations: 1358)
[Webpacker] Compiling...
[Webpacker] Compiled all packs in /Users/luciacervantes/Desktop/AAD/Ruby/imagenes/adminImages/public/packs
[Webpacker] Hash: 32e57f147dbdcbbf0c82
Version: webpack 4.42.1
Time: 3203ms
Built at: 04/12/2020 11:37:52 AM
                                     Asset       Size       Chunks                         Chunk Names
    js/application-bbe9c4a129ab949e0636.js    124 KiB  application  [emitted] [immutable]  application
js/application-bbe9c4a129ab949e0636.js.map    139 KiB  application  [emitted] [dev]        application
                             manifest.json  364 bytes               [emitted]              
Entrypoint application = js/application-bbe9c4a129ab949e0636.js js/application-bbe9c4a129ab949e0636.js.map
[./app/javascript/channels sync recursive _channel\.js$] ./app/javascript/channels sync _channel\.js$ 160 bytes {application} [built]
[./app/javascript/channels/index.js] 211 bytes {application} [built]
[./app/javascript/packs/application.js] 749 bytes {application} [built]
[./node_modules/webpack/buildin/module.js] (webpack)/buildin/module.js 552 bytes {application} [built]
    + 3 hidden modules

Completed 200 OK in 6976ms (Views: 6965.0ms | ActiveRecord: 1.3ms | Allocations: 25562)


Started GET "/ideas/new" for ::1 at 2020-04-12 11:37:56 +0200
Processing by IdeasController#new as HTML
  Rendering ideas/new.html.erb within layouts/application
  Rendered ideas/_form.html.erb (Duration: 93.4ms | Allocations: 9288)
  Rendered ideas/new.html.erb within layouts/application (Duration: 103.7ms | Allocations: 9646)
[Webpacker] Everything's up-to-date. Nothing to do
Completed 200 OK in 194ms (Views: 130.4ms | ActiveRecord: 6.1ms | Allocations: 17317)


Started GET "/ideas/new" for ::1 at 2020-04-12 11:38:04 +0200
Processing by IdeasController#new as HTML
  Rendering ideas/new.html.erb within layouts/application
  Rendered ideas/_form.html.erb (Duration: 13.8ms | Allocations: 897)
  Rendered ideas/new.html.erb within layouts/application (Duration: 15.3ms | Allocations: 983)
[Webpacker] Everything's up-to-date. Nothing to do
Completed 200 OK in 67ms (Views: 65.1ms | ActiveRecord: 0.0ms | Allocations: 4931)


Started GET "/ideas" for ::1 at 2020-04-12 11:38:07 +0200
Processing by IdeasController#index as HTML
  Rendering ideas/index.html.erb within layouts/application
  [1m[36mIdea Load (0.9ms)[0m  [1m[34mSELECT "ideas".* FROM "ideas"[0m
  ↳ app/views/ideas/index.html.erb:16
  Rendered ideas/index.html.erb within layouts/application (Duration: 6.4ms | Allocations: 613)
[Webpacker] Everything's up-to-date. Nothing to do
Completed 200 OK in 55ms (Views: 52.3ms | ActiveRecord: 0.9ms | Allocations: 4558)


Started GET "/ideas" for ::1 at 2020-04-12 11:39:04 +0200
Processing by IdeasController#index as HTML
  Rendering ideas/index.html.erb within layouts/application
  [1m[36mIdea Load (0.2ms)[0m  [1m[34mSELECT "ideas".* FROM "ideas"[0m
  ↳ app/views/ideas/index.html.erb:16
  Rendered ideas/index.html.erb within layouts/application (Duration: 5.0ms | Allocations: 884)
[Webpacker] Everything's up-to-date. Nothing to do
Completed 200 OK in 27ms (Views: 23.6ms | ActiveRecord: 0.2ms | Allocations: 5766)


Started GET "/ideas" for ::1 at 2020-04-12 11:39:28 +0200
Processing by IdeasController#index as HTML
  Rendering ideas/index.html.erb within layouts/application
  [1m[36mIdea Load (0.1ms)[0m  [1m[34mSELECT "ideas".* FROM "ideas"[0m
  ↳ app/views/ideas/index.html.erb:16
  Rendered ideas/index.html.erb within layouts/application (Duration: 2.4ms | Allocations: 878)
[Webpacker] Everything's up-to-date. Nothing to do
Completed 200 OK in 25ms (Views: 17.8ms | ActiveRecord: 0.1ms | Allocations: 5771)


Started GET "/ideas" for ::1 at 2020-04-12 11:39:45 +0200
Processing by IdeasController#index as HTML
  Rendering ideas/index.html.erb within layouts/application
  [1m[36mIdea Load (0.5ms)[0m  [1m[34mSELECT "ideas".* FROM "ideas"[0m
  ↳ app/views/ideas/index.html.erb:16
  Rendered ideas/index.html.erb within layouts/application (Duration: 4.3ms | Allocations: 878)
[Webpacker] Everything's up-to-date. Nothing to do
Completed 200 OK in 29ms (Views: 20.9ms | ActiveRecord: 0.5ms | Allocations: 5776)


Started GET "/" for ::1 at 2020-04-12 11:39:46 +0200
Processing by Rails::WelcomeController#index as HTML
  Rendering /Library/Ruby/Gems/2.6.0/gems/railties-6.0.2.2/lib/rails/templates/rails/welcome/index.html.erb
  Rendered /Library/Ruby/Gems/2.6.0/gems/railties-6.0.2.2/lib/rails/templates/rails/welcome/index.html.erb (Duration: 19.6ms | Allocations: 190)
Completed 200 OK in 24ms (Views: 21.8ms | ActiveRecord: 0.0ms | Allocations: 903)


Started GET "/" for ::1 at 2020-04-12 11:39:47 +0200
Processing by Rails::WelcomeController#index as HTML
  Rendering /Library/Ruby/Gems/2.6.0/gems/railties-6.0.2.2/lib/rails/templates/rails/welcome/index.html.erb
  Rendered /Library/Ruby/Gems/2.6.0/gems/railties-6.0.2.2/lib/rails/templates/rails/welcome/index.html.erb (Duration: 0.4ms | Allocations: 7)
Completed 200 OK in 2ms (Views: 1.0ms | ActiveRecord: 0.0ms | Allocations: 428)


Started GET "/ideas" for ::1 at 2020-04-12 11:39:52 +0200
Processing by IdeasController#index as HTML
  Rendering ideas/index.html.erb within layouts/application
  [1m[36mIdea Load (0.3ms)[0m  [1m[34mSELECT "ideas".* FROM "ideas"[0m
  ↳ app/views/ideas/index.html.erb:16
  Rendered ideas/index.html.erb within layouts/application (Duration: 3.7ms | Allocations: 607)
[Webpacker] Everything's up-to-date. Nothing to do
Completed 200 OK in 17ms (Views: 15.0ms | ActiveRecord: 0.3ms | Allocations: 4551)


Started GET "/ideas" for ::1 at 2020-04-12 11:39:53 +0200
Processing by IdeasController#index as HTML
  Rendering ideas/index.html.erb within layouts/application
  [1m[36mIdea Load (1.1ms)[0m  [1m[34mSELECT "ideas".* FROM "ideas"[0m
  ↳ app/views/ideas/index.html.erb:16
  Rendered ideas/index.html.erb within layouts/application (Duration: 8.2ms | Allocations: 601)
[Webpacker] Everything's up-to-date. Nothing to do
Completed 200 OK in 43ms (Views: 39.7ms | ActiveRecord: 1.1ms | Allocations: 4536)


Started GET "/ideas" for ::1 at 2020-04-12 11:40:20 +0200
Processing by IdeasController#index as HTML
  Rendering ideas/index.html.erb within layouts/application
  [1m[36mIdea Load (0.3ms)[0m  [1m[34mSELECT "ideas".* FROM "ideas"[0m
  ↳ app/views/ideas/index.html.erb:16
  Rendered ideas/index.html.erb within layouts/application (Duration: 2.6ms | Allocations: 878)
[Webpacker] Everything's up-to-date. Nothing to do
Completed 200 OK in 18ms (Views: 13.1ms | ActiveRecord: 0.3ms | Allocations: 5777)


Started GET "/ideas" for ::1 at 2020-04-12 11:40:50 +0200
Processing by IdeasController#index as HTML
  Rendering ideas/index.html.erb within layouts/application
  [1m[36mIdea Load (0.3ms)[0m  [1m[34mSELECT "ideas".* FROM "ideas"[0m
  ↳ app/views/ideas/index.html.erb:16
  Rendered ideas/index.html.erb within layouts/application (Duration: 4.2ms | Allocations: 607)
[Webpacker] Everything's up-to-date. Nothing to do
Completed 200 OK in 37ms (Views: 34.6ms | ActiveRecord: 0.3ms | Allocations: 10166)


Started GET "/ideas" for ::1 at 2020-04-12 11:41:01 +0200
Processing by IdeasController#index as HTML
  Rendering ideas/index.html.erb within layouts/application
  [1m[36mIdea Load (0.5ms)[0m  [1m[34mSELECT "ideas".* FROM "ideas"[0m
  ↳ app/views/ideas/index.html.erb:16
  Rendered ideas/index.html.erb within layouts/application (Duration: 4.3ms | Allocations: 601)
[Webpacker] Everything's up-to-date. Nothing to do
Completed 200 OK in 24ms (Views: 20.8ms | ActiveRecord: 0.5ms | Allocations: 4538)


Started GET "/ideas" for ::1 at 2020-04-12 11:41:34 +0200
Processing by IdeasController#index as HTML
  Rendering ideas/index.html.erb within layouts/application
  [1m[36mIdea Load (0.3ms)[0m  [1m[34mSELECT "ideas".* FROM "ideas"[0m
  ↳ app/views/ideas/index.html.erb:16
  Rendered ideas/index.html.erb within layouts/application (Duration: 5.7ms | Allocations: 601)
[Webpacker] Everything's up-to-date. Nothing to do
Completed 200 OK in 57ms (Views: 52.7ms | ActiveRecord: 0.3ms | Allocations: 9759)


Started GET "/ideas" for ::1 at 2020-04-12 11:46:24 +0200
  [1m[35m (4.1ms)[0m  [1m[34mSELECT sqlite_version(*)[0m
  [1m[35m (0.5ms)[0m  [1m[34mSELECT "schema_migrations"."version" FROM "schema_migrations" ORDER BY "schema_migrations"."version" ASC[0m
Processing by IdeasController#index as HTML
Completed 500 Internal Server Error in 22ms (ActiveRecord: 0.0ms | Allocations: 3852)


  
NameError (uninitialized constant ApplicationRecord(abstract)::Base
Did you mean?  Base64):
  
app/models/idea.rb:1:in `<main>'
app/controllers/ideas_controller.rb:7:in `index'
Started GET "/ideas" for ::1 at 2020-04-12 11:46:50 +0200
  [1m[35m (0.1ms)[0m  [1m[34mSELECT sqlite_version(*)[0m
Processing by IdeasController#index as HTML
  Rendering ideas/index.html.erb within layouts/application
  [1m[36mIdea Load (0.5ms)[0m  [1m[34mSELECT "ideas".* FROM "ideas"[0m
  ↳ app/views/ideas/index.html.erb:16
  Rendered ideas/index.html.erb within layouts/application (Duration: 4.4ms | Allocations: 1450)
[Webpacker] Everything's up-to-date. Nothing to do
Completed 200 OK in 87ms (Views: 79.5ms | ActiveRecord: 1.1ms | Allocations: 13233)


Started GET "/ideas/new" for ::1 at 2020-04-12 11:46:57 +0200
Processing by IdeasController#new as HTML
  Rendering ideas/new.html.erb within layouts/application
  Rendered ideas/_form.html.erb (Duration: 95.6ms | Allocations: 3389)
  Rendered ideas/new.html.erb within layouts/application (Duration: 101.2ms | Allocations: 3742)
[Webpacker] Everything's up-to-date. Nothing to do
Completed 200 OK in 151ms (Views: 128.3ms | ActiveRecord: 0.9ms | Allocations: 11486)


Started POST "/ideas" for ::1 at 2020-04-12 11:47:01 +0200
Processing by IdeasController#create as HTML
  Parameters: {"authenticity_token"=>"f1qDCwUxIS3AMuWdG0ElmI94T34KRrji+L1LRLsmIG/iVa7e3vhy6D25fpChK6lFGuooO2EFQwdsv+Sr5NE4cQ==", "idea"=>{"name"=>"", "description"=>""}, "commit"=>"Create Idea"}
  [1m[35m (0.2ms)[0m  [1m[36mbegin transaction[0m
  ↳ app/controllers/ideas_controller.rb:30:in `block in create'
  [1m[36mIdea Create (1.2ms)[0m  [1m[32mINSERT INTO "ideas" ("name", "description", "created_at", "updated_at") VALUES (?, ?, ?, ?)[0m  [["name", ""], ["description", ""], ["created_at", "2020-04-12 09:47:01.573852"], ["updated_at", "2020-04-12 09:47:01.573852"]]
  ↳ app/controllers/ideas_controller.rb:30:in `block in create'
  [1m[35m (3.3ms)[0m  [1m[36mcommit transaction[0m
  ↳ app/controllers/ideas_controller.rb:30:in `block in create'
Redirected to http://localhost:3000/ideas/1
Completed 302 Found in 19ms (ActiveRecord: 4.7ms | Allocations: 3061)


Started GET "/ideas/1" for ::1 at 2020-04-12 11:47:01 +0200
Processing by IdeasController#show as HTML
  Parameters: {"id"=>"1"}
  [1m[36mIdea Load (0.3ms)[0m  [1m[34mSELECT "ideas".* FROM "ideas" WHERE "ideas"."id" = ? LIMIT ?[0m  [["id", 1], ["LIMIT", 1]]
  ↳ app/controllers/ideas_controller.rb:67:in `set_idea'
  Rendering ideas/show.html.erb within layouts/application
  Rendered ideas/show.html.erb within layouts/application (Duration: 1.1ms | Allocations: 307)
[Webpacker] Everything's up-to-date. Nothing to do
Completed 200 OK in 15ms (Views: 8.8ms | ActiveRecord: 0.3ms | Allocations: 5330)


Started GET "/ideas" for ::1 at 2020-04-12 11:49:27 +0200
  [1m[35m (0.1ms)[0m  [1m[34mSELECT sqlite_version(*)[0m
Processing by IdeasController#index as HTML
  Rendering ideas/index.html.erb within layouts/application
  [1m[36mIdea Load (0.5ms)[0m  [1m[34mSELECT "ideas".* FROM "ideas"[0m
  ↳ app/views/ideas/index.html.erb:5
  Rendered ideas/index.html.erb within layouts/application (Duration: 18.2ms | Allocations: 4864)
[Webpacker] Everything's up-to-date. Nothing to do
Completed 200 OK in 47ms (Views: 36.4ms | ActiveRecord: 2.2ms | Allocations: 10999)


Started GET "/ideas" for ::1 at 2020-04-12 11:49:28 +0200
Processing by IdeasController#index as HTML
  Rendering ideas/index.html.erb within layouts/application
  [1m[36mIdea Load (0.2ms)[0m  [1m[34mSELECT "ideas".* FROM "ideas"[0m
  ↳ app/views/ideas/index.html.erb:5
  Rendered ideas/index.html.erb within layouts/application (Duration: 2.7ms | Allocations: 689)
[Webpacker] Everything's up-to-date. Nothing to do
Completed 200 OK in 13ms (Views: 11.7ms | ActiveRecord: 0.2ms | Allocations: 4633)


Started GET "/ideas/new" for ::1 at 2020-04-12 11:49:31 +0200
Processing by IdeasController#new as HTML
  Rendering ideas/new.html.erb within layouts/application
  Rendered ideas/_form.html.erb (Duration: 11.2ms | Allocations: 1268)
  Rendered ideas/new.html.erb within layouts/application (Duration: 12.9ms | Allocations: 1610)
[Webpacker] Everything's up-to-date. Nothing to do
Completed 200 OK in 86ms (Views: 79.1ms | ActiveRecord: 0.0ms | Allocations: 5695)


Started POST "/ideas" for ::1 at 2020-04-12 11:49:48 +0200
Processing by IdeasController#create as HTML
  Parameters: {"authenticity_token"=>"AR5JTAisQSJvVgPy/9pHdykyEzPL0JiWx4yaCXL2QWicEWSZ02US55LdmP9FsMuqvKB0dqCTY3NTjjXmLQFZdg==", "idea"=>{"name"=>"test", "description"=>"test 1", "picture"=>#<ActionDispatch::Http::UploadedFile:0x00007fa1884b4930 @tempfile=#<Tempfile:/var/folders/_f/hggts3f12rnc858tyz5vd0fw0000gn/T/RackMultipart20200412-41971-gtfmiq.jpg>, @original_filename="adventures.jpg", @content_type="image/jpeg", @headers="Content-Disposition: form-data; name=\"idea[picture]\"; filename=\"adventures.jpg\"\r\nContent-Type: image/jpeg\r\n">}, "commit"=>"Create Idea"}
  [1m[35m (0.1ms)[0m  [1m[36mbegin transaction[0m
  ↳ app/controllers/ideas_controller.rb:30:in `block in create'
  [1m[36mIdea Create (1.8ms)[0m  [1m[32mINSERT INTO "ideas" ("name", "description", "picture", "created_at", "updated_at") VALUES (?, ?, ?, ?, ?)[0m  [["name", "test"], ["description", "test 1"], ["picture", "adventures.jpg"], ["created_at", "2020-04-12 09:49:48.176055"], ["updated_at", "2020-04-12 09:49:48.176055"]]
  ↳ app/controllers/ideas_controller.rb:30:in `block in create'
  [1m[35m (4.7ms)[0m  [1m[36mcommit transaction[0m
  ↳ app/controllers/ideas_controller.rb:30:in `block in create'
Redirected to http://localhost:3000/ideas/2
Completed 302 Found in 38ms (ActiveRecord: 6.6ms | Allocations: 9807)


Started GET "/ideas/2" for ::1 at 2020-04-12 11:49:48 +0200
Processing by IdeasController#show as HTML
  Parameters: {"id"=>"2"}
  [1m[36mIdea Load (0.3ms)[0m  [1m[34mSELECT "ideas".* FROM "ideas" WHERE "ideas"."id" = ? LIMIT ?[0m  [["id", 2], ["LIMIT", 1]]
  ↳ app/controllers/ideas_controller.rb:67:in `set_idea'
  Rendering ideas/show.html.erb within layouts/application
  Rendered ideas/show.html.erb within layouts/application (Duration: 1.4ms | Allocations: 393)
[Webpacker] Everything's up-to-date. Nothing to do
Completed 200 OK in 38ms (Views: 35.1ms | ActiveRecord: 0.3ms | Allocations: 5112)


Started GET "/ideas/2/edit" for ::1 at 2020-04-12 11:49:53 +0200
Processing by IdeasController#edit as HTML
  Parameters: {"id"=>"2"}
  [1m[36mIdea Load (0.3ms)[0m  [1m[34mSELECT "ideas".* FROM "ideas" WHERE "ideas"."id" = ? LIMIT ?[0m  [["id", 2], ["LIMIT", 1]]
  ↳ app/controllers/ideas_controller.rb:67:in `set_idea'
  Rendering ideas/edit.html.erb within layouts/application
  Rendered ideas/_form.html.erb (Duration: 3.1ms | Allocations: 969)
  Rendered ideas/edit.html.erb within layouts/application (Duration: 7.5ms | Allocations: 1228)
[Webpacker] Everything's up-to-date. Nothing to do
Completed 200 OK in 63ms (Views: 52.9ms | ActiveRecord: 0.3ms | Allocations: 5808)


Started GET "/ideas" for ::1 at 2020-04-12 11:49:56 +0200
Processing by IdeasController#index as HTML
  Rendering ideas/index.html.erb within layouts/application
  [1m[36mIdea Load (0.3ms)[0m  [1m[34mSELECT "ideas".* FROM "ideas"[0m
  ↳ app/views/ideas/index.html.erb:5
  Rendered ideas/index.html.erb within layouts/application (Duration: 7.3ms | Allocations: 821)
[Webpacker] Everything's up-to-date. Nothing to do
Completed 200 OK in 66ms (Views: 63.2ms | ActiveRecord: 0.3ms | Allocations: 4759)


Started GET "/ideas" for ::1 at 2020-04-12 11:49:58 +0200
Processing by IdeasController#index as HTML
  Rendering ideas/index.html.erb within layouts/application
  [1m[36mIdea Load (1.3ms)[0m  [1m[34mSELECT "ideas".* FROM "ideas"[0m
  ↳ app/views/ideas/index.html.erb:5
  Rendered ideas/index.html.erb within layouts/application (Duration: 9.7ms | Allocations: 820)
[Webpacker] Everything's up-to-date. Nothing to do
Completed 200 OK in 54ms (Views: 49.8ms | ActiveRecord: 1.3ms | Allocations: 4762)


Started GET "/ideas" for ::1 at 2020-04-12 11:49:59 +0200
Processing by IdeasController#index as HTML
  Rendering ideas/index.html.erb within layouts/application
  [1m[36mIdea Load (0.6ms)[0m  [1m[34mSELECT "ideas".* FROM "ideas"[0m
  ↳ app/views/ideas/index.html.erb:5
  Rendered ideas/index.html.erb within layouts/application (Duration: 5.5ms | Allocations: 819)
[Webpacker] Everything's up-to-date. Nothing to do
Completed 200 OK in 42ms (Views: 40.7ms | ActiveRecord: 0.6ms | Allocations: 4762)


Started GET "/ideas" for ::1 at 2020-04-12 11:50:01 +0200
Processing by IdeasController#index as HTML
  Rendering ideas/index.html.erb within layouts/application
  [1m[36mIdea Load (6.6ms)[0m  [1m[34mSELECT "ideas".* FROM "ideas"[0m
  ↳ app/views/ideas/index.html.erb:5
  Rendered ideas/index.html.erb within layouts/application (Duration: 12.0ms | Allocations: 818)
[Webpacker] Everything's up-to-date. Nothing to do
Completed 200 OK in 59ms (Views: 49.5ms | ActiveRecord: 6.6ms | Allocations: 4753)


Started GET "/ideas" for ::1 at 2020-04-12 11:54:34 +0200
Processing by IdeasController#index as HTML
  Rendering ideas/index.html.erb within layouts/application
  [1m[36mIdea Load (0.5ms)[0m  [1m[34mSELECT "ideas".* FROM "ideas"[0m
  ↳ app/views/ideas/index.html.erb:5
  Rendered ideas/index.html.erb within layouts/application (Duration: 4.7ms | Allocations: 818)
[Webpacker] Everything's up-to-date. Nothing to do
Completed 200 OK in 67ms (Views: 64.4ms | ActiveRecord: 0.5ms | Allocations: 10229)


Started GET "/ideas/2/edit" for ::1 at 2020-04-12 11:54:37 +0200
Processing by IdeasController#edit as HTML
  Parameters: {"id"=>"2"}
  [1m[36mIdea Load (0.2ms)[0m  [1m[34mSELECT "ideas".* FROM "ideas" WHERE "ideas"."id" = ? LIMIT ?[0m  [["id", 2], ["LIMIT", 1]]
  ↳ app/controllers/ideas_controller.rb:67:in `set_idea'
  Rendering ideas/edit.html.erb within layouts/application
  Rendered ideas/_form.html.erb (Duration: 6.9ms | Allocations: 940)
  Rendered ideas/edit.html.erb within layouts/application (Duration: 16.0ms | Allocations: 1056)
[Webpacker] Everything's up-to-date. Nothing to do
Completed 200 OK in 77ms (Views: 67.7ms | ActiveRecord: 0.2ms | Allocations: 5494)


Started GET "/ideas" for ::1 at 2020-04-12 11:56:30 +0200
Processing by IdeasController#index as HTML
  Rendering ideas/index.html.erb within layouts/application
  [1m[36mIdea Load (0.2ms)[0m  [1m[34mSELECT "ideas".* FROM "ideas"[0m
  ↳ app/views/ideas/index.html.erb:5
  Rendered ideas/index.html.erb within layouts/application (Duration: 11.2ms | Allocations: 818)
[Webpacker] Everything's up-to-date. Nothing to do
Completed 200 OK in 63ms (Views: 59.4ms | ActiveRecord: 0.2ms | Allocations: 4762)


Started GET "/ideas/new" for ::1 at 2020-04-12 11:56:32 +0200
Processing by IdeasController#new as HTML
  Rendering ideas/new.html.erb within layouts/application
  Rendered ideas/_form.html.erb (Duration: 4.1ms | Allocations: 899)
  Rendered ideas/new.html.erb within layouts/application (Duration: 7.6ms | Allocations: 985)
[Webpacker] Everything's up-to-date. Nothing to do
Completed 200 OK in 60ms (Views: 54.4ms | ActiveRecord: 0.0ms | Allocations: 4935)


Started POST "/ideas" for ::1 at 2020-04-12 11:56:59 +0200
Processing by IdeasController#create as HTML
  Parameters: {"authenticity_token"=>"6HDg4dWPd710xKP7DSNdqNiPz8UBVlq6ZQ9+VPgHFoB1f800DkYkeIlPOPa3SdF1TR2ogGoVoV/xDdG7p/AOng==", "idea"=>{"name"=>"cat", "description"=>"best cat ever", "picture"=>#<ActionDispatch::Http::UploadedFile:0x00007fa184d09af8 @tempfile=#<Tempfile:/var/folders/_f/hggts3f12rnc858tyz5vd0fw0000gn/T/RackMultipart20200412-41971-v8z0c0.gif>, @original_filename="cat.gif", @content_type="image/gif", @headers="Content-Disposition: form-data; name=\"idea[picture]\"; filename=\"cat.gif\"\r\nContent-Type: image/gif\r\n">}, "commit"=>"Create Idea"}
  [1m[35m (0.1ms)[0m  [1m[36mbegin transaction[0m
  ↳ app/controllers/ideas_controller.rb:30:in `block in create'
  [1m[36mIdea Create (0.4ms)[0m  [1m[32mINSERT INTO "ideas" ("name", "description", "picture", "created_at", "updated_at") VALUES (?, ?, ?, ?, ?)[0m  [["name", "cat"], ["description", "best cat ever"], ["picture", "cat.gif"], ["created_at", "2020-04-12 09:56:59.545570"], ["updated_at", "2020-04-12 09:56:59.545570"]]
  ↳ app/controllers/ideas_controller.rb:30:in `block in create'
  [1m[35m (1.1ms)[0m  [1m[36mcommit transaction[0m
  ↳ app/controllers/ideas_controller.rb:30:in `block in create'
Redirected to http://localhost:3000/ideas/3
Completed 302 Found in 26ms (ActiveRecord: 1.6ms | Allocations: 3477)


Started GET "/ideas/3" for ::1 at 2020-04-12 11:56:59 +0200
Processing by IdeasController#show as HTML
  Parameters: {"id"=>"3"}
  [1m[36mIdea Load (0.3ms)[0m  [1m[34mSELECT "ideas".* FROM "ideas" WHERE "ideas"."id" = ? LIMIT ?[0m  [["id", 3], ["LIMIT", 1]]
  ↳ app/controllers/ideas_controller.rb:67:in `set_idea'
  Rendering ideas/show.html.erb within layouts/application
  Rendered ideas/show.html.erb within layouts/application (Duration: 0.6ms | Allocations: 184)
[Webpacker] Everything's up-to-date. Nothing to do
Completed 200 OK in 10ms (Views: 6.6ms | ActiveRecord: 0.3ms | Allocations: 4639)


Started GET "/ideas" for ::1 at 2020-04-12 11:57:06 +0200
Processing by IdeasController#index as HTML
  Rendering ideas/index.html.erb within layouts/application
  [1m[36mIdea Load (0.2ms)[0m  [1m[34mSELECT "ideas".* FROM "ideas"[0m
  ↳ app/views/ideas/index.html.erb:5
  Rendered ideas/index.html.erb within layouts/application (Duration: 8.0ms | Allocations: 965)
[Webpacker] Everything's up-to-date. Nothing to do
Completed 200 OK in 47ms (Views: 42.5ms | ActiveRecord: 0.2ms | Allocations: 4903)


Started GET "/ideas" for ::1 at 2020-04-12 12:43:27 +0200
  [1m[35m (0.3ms)[0m  [1m[34mSELECT sqlite_version(*)[0m
Processing by IdeasController#index as HTML
  Rendering ideas/index.html.erb within layouts/application
  [1m[36mIdea Load (0.6ms)[0m  [1m[34mSELECT "ideas".* FROM "ideas"[0m
  ↳ app/views/ideas/index.html.erb:5
  Rendered ideas/index.html.erb within layouts/application (Duration: 6.7ms | Allocations: 985)
[Webpacker] Everything's up-to-date. Nothing to do
Completed 200 OK in 34ms (Views: 30.1ms | ActiveRecord: 0.6ms | Allocations: 4928)


Started GET "/ideas" for ::1 at 2020-04-12 12:43:28 +0200
Processing by IdeasController#index as HTML
  Rendering ideas/index.html.erb within layouts/application
  [1m[36mIdea Load (0.3ms)[0m  [1m[34mSELECT "ideas".* FROM "ideas"[0m
  ↳ app/views/ideas/index.html.erb:5
  Rendered ideas/index.html.erb within layouts/application (Duration: 3.9ms | Allocations: 965)
[Webpacker] Everything's up-to-date. Nothing to do
Completed 200 OK in 22ms (Views: 20.3ms | ActiveRecord: 0.3ms | Allocations: 4908)


Started GET "/" for ::1 at 2020-04-12 16:37:30 +0200
  [1m[35m (0.7ms)[0m  [1m[34mSELECT sqlite_version(*)[0m
Started GET "/ideas" for ::1 at 2020-04-12 16:37:30 +0200
Processing by IdeasController#index as HTML
  Rendering ideas/index.html.erb within layouts/application
  [1m[36mIdea Load (0.9ms)[0m  [1m[34mSELECT "ideas".* FROM "ideas"[0m
  ↳ app/views/ideas/index.html.erb:5
  Rendered ideas/index.html.erb within layouts/application (Duration: 13.6ms | Allocations: 986)
[Webpacker] Everything's up-to-date. Nothing to do
Completed 200 OK in 70ms (Views: 62.1ms | ActiveRecord: 0.9ms | Allocations: 4923)


Started GET "/ideas" for ::1 at 2020-04-12 16:40:34 +0200
Processing by IdeasController#index as HTML
  Rendering ideas/index.html.erb within layouts/application
  [1m[36mIdea Load (4.0ms)[0m  [1m[34mSELECT "ideas".* FROM "ideas"[0m
  ↳ app/views/ideas/index.html.erb:5
  Rendered ideas/index.html.erb within layouts/application (Duration: 19.8ms | Allocations: 1247)
[Webpacker] Everything's up-to-date. Nothing to do
Completed 200 OK in 118ms (Views: 105.3ms | ActiveRecord: 4.0ms | Allocations: 6157)


Started GET "/ideas" for ::1 at 2020-04-12 16:40:58 +0200
Processing by IdeasController#index as HTML
  Rendering ideas/index.html.erb within layouts/application
  [1m[36mIdea Load (0.7ms)[0m  [1m[34mSELECT "ideas".* FROM "ideas"[0m
  ↳ app/views/ideas/index.html.erb:5
  Rendered ideas/index.html.erb within layouts/application (Duration: 12.1ms | Allocations: 1244)
[Webpacker] Everything's up-to-date. Nothing to do
Completed 200 OK in 50ms (Views: 46.0ms | ActiveRecord: 0.7ms | Allocations: 6143)


Started GET "/ideas" for ::1 at 2020-04-12 16:43:19 +0200
Processing by IdeasController#index as HTML
  Rendering ideas/index.html.erb within layouts/application
  [1m[36mIdea Load (0.3ms)[0m  [1m[34mSELECT "ideas".* FROM "ideas"[0m
  ↳ app/views/ideas/index.html.erb:5
  Rendered ideas/index.html.erb within layouts/application (Duration: 6.6ms | Allocations: 1244)
[Webpacker] Everything's up-to-date. Nothing to do
Completed 200 OK in 32ms (Views: 28.5ms | ActiveRecord: 0.3ms | Allocations: 6147)


Started GET "/ideas" for ::1 at 2020-04-12 16:44:36 +0200
Processing by IdeasController#index as HTML
  Rendering ideas/index.html.erb within layouts/application
  [1m[36mIdea Load (0.3ms)[0m  [1m[34mSELECT "ideas".* FROM "ideas"[0m
  ↳ app/views/ideas/index.html.erb:5
  Rendered ideas/index.html.erb within layouts/application (Duration: 5.3ms | Allocations: 973)
[Webpacker] Everything's up-to-date. Nothing to do
Completed 200 OK in 31ms (Views: 29.3ms | ActiveRecord: 0.3ms | Allocations: 4911)


Started GET "/ideas" for ::1 at 2020-04-12 16:45:17 +0200
Processing by IdeasController#index as HTML
  Rendering ideas/index.html.erb within layouts/application
  [1m[36mIdea Load (0.3ms)[0m  [1m[34mSELECT "ideas".* FROM "ideas"[0m
  ↳ app/views/ideas/index.html.erb:5
  Rendered ideas/index.html.erb within layouts/application (Duration: 3.8ms | Allocations: 965)
[Webpacker] Everything's up-to-date. Nothing to do
Completed 200 OK in 75ms (Views: 71.9ms | ActiveRecord: 0.3ms | Allocations: 13025)


Started GET "/ideas" for ::1 at 2020-04-12 16:46:20 +0200
Processing by IdeasController#index as HTML
  Rendering ideas/index.html.erb within layouts/application
  [1m[36mIdea Load (0.4ms)[0m  [1m[34mSELECT "ideas".* FROM "ideas"[0m
  ↳ app/views/ideas/index.html.erb:5
  Rendered ideas/index.html.erb within layouts/application (Duration: 3.7ms | Allocations: 965)
[Webpacker] Everything's up-to-date. Nothing to do
Completed 200 OK in 61ms (Views: 59.9ms | ActiveRecord: 0.4ms | Allocations: 13690)


Started GET "/ideas" for ::1 at 2020-04-12 16:46:47 +0200
Processing by IdeasController#index as HTML
  Rendering ideas/index.html.erb within layouts/application
  [1m[36mIdea Load (0.3ms)[0m  [1m[34mSELECT "ideas".* FROM "ideas"[0m
  ↳ app/views/ideas/index.html.erb:5
  Rendered ideas/index.html.erb within layouts/application (Duration: 4.3ms | Allocations: 965)
[Webpacker] Everything's up-to-date. Nothing to do
Completed 200 OK in 71ms (Views: 69.8ms | ActiveRecord: 0.3ms | Allocations: 13596)


Started GET "/ideas/new" for ::1 at 2020-04-12 16:46:53 +0200
Processing by IdeasController#new as HTML
  Rendering ideas/new.html.erb within layouts/application
  Rendered ideas/_form.html.erb (Duration: 25.4ms | Allocations: 1266)
  Rendered ideas/new.html.erb within layouts/application (Duration: 39.1ms | Allocations: 1614)
[Webpacker] Everything's up-to-date. Nothing to do
Completed 200 OK in 74ms (Views: 71.6ms | ActiveRecord: 0.0ms | Allocations: 6439)


Started GET "/ideas/new" for ::1 at 2020-04-12 16:47:40 +0200
Processing by IdeasController#new as HTML
  Rendering ideas/new.html.erb within layouts/application
  Rendered ideas/_form.html.erb (Duration: 3.3ms | Allocations: 1267)
  Rendered ideas/new.html.erb within layouts/application (Duration: 5.6ms | Allocations: 1609)
[Webpacker] Everything's up-to-date. Nothing to do
Completed 200 OK in 37ms (Views: 31.0ms | ActiveRecord: 0.0ms | Allocations: 6568)


Started GET "/ideas/new" for ::1 at 2020-04-12 16:48:14 +0200
Processing by IdeasController#new as HTML
  Rendering ideas/new.html.erb within layouts/application
  Rendered ideas/_form.html.erb (Duration: 3.9ms | Allocations: 1267)
  Rendered ideas/new.html.erb within layouts/application (Duration: 6.9ms | Allocations: 1615)
[Webpacker] Everything's up-to-date. Nothing to do
Completed 200 OK in 63ms (Views: 57.0ms | ActiveRecord: 0.0ms | Allocations: 6572)


Started GET "/ideas/new" for ::1 at 2020-04-12 16:48:24 +0200
Processing by IdeasController#new as HTML
  Rendering ideas/new.html.erb within layouts/application
  Rendered ideas/_form.html.erb (Duration: 3.9ms | Allocations: 1266)
  Rendered ideas/new.html.erb within layouts/application (Duration: 6.1ms | Allocations: 1608)
[Webpacker] Everything's up-to-date. Nothing to do
Completed 200 OK in 22ms (Views: 20.1ms | ActiveRecord: 0.0ms | Allocations: 6558)


Started GET "/ideas" for ::1 at 2020-04-12 16:48:28 +0200
Processing by IdeasController#index as HTML
  Rendering ideas/index.html.erb within layouts/application
  [1m[36mIdea Load (1.0ms)[0m  [1m[34mSELECT "ideas".* FROM "ideas"[0m
  ↳ app/views/ideas/index.html.erb:5
  Rendered ideas/index.html.erb within layouts/application (Duration: 27.0ms | Allocations: 1915)
[Webpacker] Everything's up-to-date. Nothing to do
Completed 200 OK in 93ms (Views: 82.8ms | ActiveRecord: 1.0ms | Allocations: 6037)


Started GET "/ideas/new" for ::1 at 2020-04-12 16:48:33 +0200
Processing by IdeasController#new as HTML
  Rendering ideas/new.html.erb within layouts/application
  Rendered ideas/_form.html.erb (Duration: 5.5ms | Allocations: 902)
  Rendered ideas/new.html.erb within layouts/application (Duration: 6.3ms | Allocations: 988)
[Webpacker] Everything's up-to-date. Nothing to do
Completed 200 OK in 74ms (Views: 68.4ms | ActiveRecord: 0.0ms | Allocations: 5004)


Started GET "/ideas/new" for ::1 at 2020-04-12 16:49:23 +0200
Processing by IdeasController#new as HTML
  Rendering ideas/new.html.erb within layouts/application
  Rendered ideas/_form.html.erb (Duration: 4.9ms | Allocations: 899)
  Rendered ideas/new.html.erb within layouts/application (Duration: 5.5ms | Allocations: 985)
[Webpacker] Everything's up-to-date. Nothing to do
Completed 200 OK in 109ms (Views: 105.6ms | ActiveRecord: 0.0ms | Allocations: 13589)


Started GET "/ideas/new" for ::1 at 2020-04-12 16:49:33 +0200
Processing by IdeasController#new as HTML
  Rendering ideas/new.html.erb within layouts/application
  Rendered ideas/_form.html.erb (Duration: 3.6ms | Allocations: 899)
  Rendered ideas/new.html.erb within layouts/application (Duration: 4.0ms | Allocations: 985)
[Webpacker] Everything's up-to-date. Nothing to do
Completed 200 OK in 20ms (Views: 18.6ms | ActiveRecord: 0.0ms | Allocations: 5019)


Started GET "/ideas/new" for ::1 at 2020-04-12 16:49:45 +0200
Processing by IdeasController#new as HTML
  Rendering ideas/new.html.erb within layouts/application
  Rendered ideas/_form.html.erb (Duration: 1.9ms | Allocations: 899)
  Rendered ideas/new.html.erb within layouts/application (Duration: 2.7ms | Allocations: 985)
[Webpacker] Everything's up-to-date. Nothing to do
Completed 200 OK in 27ms (Views: 24.9ms | ActiveRecord: 0.0ms | Allocations: 5015)


Started GET "/ideas/new" for ::1 at 2020-04-12 16:52:02 +0200
Processing by IdeasController#new as HTML
  Rendering ideas/new.html.erb within layouts/application
  Rendered ideas/_form.html.erb (Duration: 14.0ms | Allocations: 1274)
  Rendered ideas/new.html.erb within layouts/application (Duration: 16.1ms | Allocations: 1622)
[Webpacker] Everything's up-to-date. Nothing to do
Completed 200 OK in 39ms (Views: 37.1ms | ActiveRecord: 0.0ms | Allocations: 6583)


Started GET "/ideas/new" for ::1 at 2020-04-12 16:52:42 +0200
Processing by IdeasController#new as HTML
  Rendering ideas/new.html.erb within layouts/application
  Rendered ideas/_form.html.erb (Duration: 7.2ms | Allocations: 1266)
  Rendered ideas/new.html.erb within layouts/application (Duration: 8.8ms | Allocations: 1608)
[Webpacker] Everything's up-to-date. Nothing to do
Completed 200 OK in 26ms (Views: 23.2ms | ActiveRecord: 0.0ms | Allocations: 6566)


Started GET "/ideas/new" for ::1 at 2020-04-12 16:52:52 +0200
Processing by IdeasController#new as HTML
  Rendering ideas/new.html.erb within layouts/application
  Rendered ideas/_form.html.erb (Duration: 2.0ms | Allocations: 905)
  Rendered ideas/new.html.erb within layouts/application (Duration: 2.3ms | Allocations: 992)
[Webpacker] Everything's up-to-date. Nothing to do
Completed 200 OK in 12ms (Views: 10.5ms | ActiveRecord: 0.0ms | Allocations: 4986)


Started GET "/ideas/new" for ::1 at 2020-04-12 16:53:37 +0200
Processing by IdeasController#new as HTML
  Rendering ideas/new.html.erb within layouts/application
  Rendered ideas/_form.html.erb (Duration: 12.9ms | Allocations: 1269)
  Rendered ideas/new.html.erb within layouts/application (Duration: 16.6ms | Allocations: 1611)
[Webpacker] Everything's up-to-date. Nothing to do
Completed 200 OK in 46ms (Views: 41.3ms | ActiveRecord: 0.0ms | Allocations: 6566)


Started GET "/ideas/new" for ::1 at 2020-04-12 16:53:39 +0200
Processing by IdeasController#new as HTML
  Rendering ideas/new.html.erb within layouts/application
  Rendered ideas/_form.html.erb (Duration: 2.4ms | Allocations: 905)
  Rendered ideas/new.html.erb within layouts/application (Duration: 2.9ms | Allocations: 992)
[Webpacker] Everything's up-to-date. Nothing to do
Completed 200 OK in 19ms (Views: 17.9ms | ActiveRecord: 0.0ms | Allocations: 4986)


Started GET "/ideas/new" for ::1 at 2020-04-12 16:56:04 +0200
Processing by IdeasController#new as HTML
  Rendering ideas/new.html.erb within layouts/application
  Rendered ideas/_form.html.erb (Duration: 3.1ms | Allocations: 1278)
  Rendered ideas/new.html.erb within layouts/application (Duration: 6.9ms | Allocations: 1629)
[Webpacker] Everything's up-to-date. Nothing to do
Completed 200 OK in 38ms (Views: 35.1ms | ActiveRecord: 0.0ms | Allocations: 6589)


Started GET "/ideas/new" for ::1 at 2020-04-12 16:56:30 +0200
Processing by IdeasController#new as HTML
  Rendering ideas/new.html.erb within layouts/application
  Rendered ideas/_form.html.erb (Duration: 3.8ms | Allocations: 1293)
  Rendered ideas/new.html.erb within layouts/application (Duration: 5.7ms | Allocations: 1635)
[Webpacker] Everything's up-to-date. Nothing to do
Completed 200 OK in 28ms (Views: 26.5ms | ActiveRecord: 0.0ms | Allocations: 6590)


Started GET "/ideas/new" for ::1 at 2020-04-12 16:56:58 +0200
Processing by IdeasController#new as HTML
  Rendering ideas/new.html.erb within layouts/application
  Rendered ideas/_form.html.erb (Duration: 10.2ms | Allocations: 1400)
  Rendered ideas/new.html.erb within layouts/application (Duration: 14.4ms | Allocations: 1722)
Completed 500 Internal Server Error in 24ms (ActiveRecord: 0.0ms | Allocations: 2937)


  
ActionView::SyntaxErrorInTemplate (Encountered a syntax error while rendering template: check <%= form_with(model: idea, local: true) do |form| %>
  <% if idea.errors.any? %>
    <div id="error_explanation">
      <h2><%= pluralize(idea.errors.count, "error") %> prohibited this idea from being saved:</h2>

      <ul>
        <% idea.errors.full_messages.each do |message| %>
          <li><%= message %></li>
        <% end %>
      </ul>
    </div>
  <% end %>

  <div class="field form-group">
    <%= form.label :name %>
    <%= form.text_field :name, class: 'form-control' %>
  </div>

  <div class="field form-group">
    <%= form.label :description %>
    <%= form.text_area :description, class: 'form-control' %>
  </div>

  <div class="field form-group">
    <%= form.label :picture %>
    <%= form.file_field :picture, id: :idea_picture, class: 'form-control' %>
  </div>

  <div class="actions form-group">
    <%= form.submit, class: 'btn btn-primary' %>
  </div>
<% end %>

):
1:    <%= form_with(model: idea, local: true) do |form| %>
2:      <% if idea.errors.any? %>
3:        <div id="error_explanation">
4:          <h2><%= pluralize(idea.errors.count, "error") %> prohibited this idea from being saved:</h2>
5:    
6:          <ul>
7:            <% idea.errors.full_messages.each do |message| %>
8:              <li><%= message %></li>
9:            <% end %>
10:          </ul>
11:        </div>
12:      <% end %>
13:    
14:      <div class="field form-group">
15:        <%= form.label :name %>
16:        <%= form.text_field :name, class: 'form-control' %>
17:      </div>
18:    
19:      <div class="field form-group">
20:        <%= form.label :description %>
21:        <%= form.text_area :description, class: 'form-control' %>
22:      </div>
23:    
24:      <div class="field form-group">
25:        <%= form.label :picture %>
26:        <%= form.file_field :picture, id: :idea_picture, class: 'form-control' %>
27:      </div>
28:    
29:      <div class="actions form-group">
30:        <%= form.submit, class: 'btn btn-primary' %>
31:      </div>
32:    <% end %>
  
app/views/ideas/_form.html.erb:30: syntax error, unexpected tLABEL, expecting '='
app/views/ideas/_form.html.erb:30: syntax error, unexpected tLABEL, expecting '='
app/views/ideas/_form.html.erb:30: syntax error, unexpected tLABEL, expecting '='
app/views/ideas/_form.html.erb:30: syntax error, unexpected tLABEL, expecting '='
app/views/ideas/_form.html.erb:30: syntax error, unexpected tLABEL, expecting '='
app/views/ideas/_form.html.erb:30: syntax error, unexpected tLABEL, expecting '='
app/views/ideas/new.html.erb:3
Started GET "/ideas/new" for ::1 at 2020-04-12 16:58:00 +0200
Processing by IdeasController#new as HTML
  Rendering ideas/new.html.erb within layouts/application
  Rendered ideas/_form.html.erb (Duration: 17.6ms | Allocations: 1294)
  Rendered ideas/new.html.erb within layouts/application (Duration: 19.4ms | Allocations: 1648)
[Webpacker] Everything's up-to-date. Nothing to do
Completed 200 OK in 48ms (Views: 44.2ms | ActiveRecord: 0.0ms | Allocations: 6612)


Started GET "/ideas/new" for ::1 at 2020-04-12 16:58:39 +0200
Processing by IdeasController#new as HTML
  Rendering ideas/new.html.erb within layouts/application
  Rendered ideas/_form.html.erb (Duration: 12.5ms | Allocations: 1293)
  Rendered ideas/new.html.erb within layouts/application (Duration: 16.1ms | Allocations: 1646)
[Webpacker] Everything's up-to-date. Nothing to do
Completed 200 OK in 53ms (Views: 46.3ms | ActiveRecord: 0.0ms | Allocations: 6601)


Started GET "/ideas/new" for ::1 at 2020-04-12 16:58:54 +0200
Processing by IdeasController#new as HTML
  Rendering ideas/new.html.erb within layouts/application
  Rendered ideas/_form.html.erb (Duration: 4.6ms | Allocations: 1293)
  Rendered ideas/new.html.erb within layouts/application (Duration: 6.9ms | Allocations: 1646)
[Webpacker] Everything's up-to-date. Nothing to do
Completed 200 OK in 32ms (Views: 29.6ms | ActiveRecord: 0.0ms | Allocations: 6600)


Started GET "/ideas/new" for ::1 at 2020-04-12 16:59:02 +0200
Processing by IdeasController#new as HTML
  Rendering ideas/new.html.erb within layouts/application
  Rendered ideas/_form.html.erb (Duration: 3.4ms | Allocations: 1293)
  Rendered ideas/new.html.erb within layouts/application (Duration: 5.4ms | Allocations: 1635)
[Webpacker] Everything's up-to-date. Nothing to do
Completed 200 OK in 25ms (Views: 21.7ms | ActiveRecord: 0.0ms | Allocations: 6600)


Started GET "/ideas" for ::1 at 2020-04-12 16:59:04 +0200
Processing by IdeasController#index as HTML
  Rendering ideas/index.html.erb within layouts/application
  [1m[36mIdea Load (15.1ms)[0m  [1m[34mSELECT "ideas".* FROM "ideas"[0m
  ↳ app/views/ideas/index.html.erb:5
  Rendered ideas/index.html.erb within layouts/application (Duration: 81.2ms | Allocations: 1240)
[Webpacker] Everything's up-to-date. Nothing to do
Completed 200 OK in 205ms (Views: 182.7ms | ActiveRecord: 15.1ms | Allocations: 6077)


Started GET "/ideas/new" for ::1 at 2020-04-12 16:59:10 +0200
Processing by IdeasController#new as HTML
  Rendering ideas/new.html.erb within layouts/application
  Rendered ideas/_form.html.erb (Duration: 2.3ms | Allocations: 923)
  Rendered ideas/new.html.erb within layouts/application (Duration: 2.7ms | Allocations: 1009)
[Webpacker] Everything's up-to-date. Nothing to do
Completed 200 OK in 31ms (Views: 30.1ms | ActiveRecord: 0.0ms | Allocations: 5718)


Started GET "/ideas" for ::1 at 2020-04-12 16:59:13 +0200
Processing by IdeasController#index as HTML
  Rendering ideas/index.html.erb within layouts/application
  [1m[36mIdea Load (0.6ms)[0m  [1m[34mSELECT "ideas".* FROM "ideas"[0m
  ↳ app/views/ideas/index.html.erb:5
  Rendered ideas/index.html.erb within layouts/application (Duration: 6.2ms | Allocations: 965)
[Webpacker] Everything's up-to-date. Nothing to do
Completed 200 OK in 33ms (Views: 30.3ms | ActiveRecord: 0.6ms | Allocations: 4943)


Started GET "/ideas" for ::1 at 2020-04-12 16:59:54 +0200
Processing by IdeasController#index as HTML
  Rendering ideas/index.html.erb within layouts/application
  [1m[36mIdea Load (0.3ms)[0m  [1m[34mSELECT "ideas".* FROM "ideas"[0m
  ↳ app/views/ideas/index.html.erb:5
  Rendered ideas/index.html.erb within layouts/application (Duration: 7.1ms | Allocations: 1252)
[Webpacker] Everything's up-to-date. Nothing to do
Completed 200 OK in 30ms (Views: 27.0ms | ActiveRecord: 0.3ms | Allocations: 6202)


Started GET "/ideas" for ::1 at 2020-04-12 16:59:57 +0200
Processing by IdeasController#index as HTML
  Rendering ideas/index.html.erb within layouts/application
  [1m[36mIdea Load (0.2ms)[0m  [1m[34mSELECT "ideas".* FROM "ideas"[0m
  ↳ app/views/ideas/index.html.erb:5
  Rendered ideas/index.html.erb within layouts/application (Duration: 5.4ms | Allocations: 981)
[Webpacker] Everything's up-to-date. Nothing to do
Completed 200 OK in 16ms (Views: 14.7ms | ActiveRecord: 0.2ms | Allocations: 4969)


Started GET "/ideas" for ::1 at 2020-04-12 17:00:18 +0200
Processing by IdeasController#index as HTML
  Rendering ideas/index.html.erb within layouts/application
  [1m[36mIdea Load (0.1ms)[0m  [1m[34mSELECT "ideas".* FROM "ideas"[0m
  ↳ app/views/ideas/index.html.erb:5
  Rendered ideas/index.html.erb within layouts/application (Duration: 2.6ms | Allocations: 973)
[Webpacker] Everything's up-to-date. Nothing to do
Completed 200 OK in 68ms (Views: 67.4ms | ActiveRecord: 0.1ms | Allocations: 13596)


Started GET "/ideas/new" for ::1 at 2020-04-12 17:00:21 +0200
Processing by IdeasController#new as HTML
  Rendering ideas/new.html.erb within layouts/application
  Rendered ideas/_form.html.erb (Duration: 8.7ms | Allocations: 1293)
  Rendered ideas/new.html.erb within layouts/application (Duration: 11.4ms | Allocations: 1636)
[Webpacker] Everything's up-to-date. Nothing to do
Completed 200 OK in 53ms (Views: 48.0ms | ActiveRecord: 0.0ms | Allocations: 6464)


Started GET "/ideas" for ::1 at 2020-04-12 17:00:23 +0200
Processing by IdeasController#index as HTML
  Rendering ideas/index.html.erb within layouts/application
  [1m[36mIdea Load (0.9ms)[0m  [1m[34mSELECT "ideas".* FROM "ideas"[0m
  ↳ app/views/ideas/index.html.erb:5
  Rendered ideas/index.html.erb within layouts/application (Duration: 114.8ms | Allocations: 2505)
[Webpacker] Everything's up-to-date. Nothing to do
Completed 200 OK in 177ms (Views: 165.8ms | ActiveRecord: 0.9ms | Allocations: 6610)


Started GET "/ideas/new" for ::1 at 2020-04-12 17:00:25 +0200
Processing by IdeasController#new as HTML
  Rendering ideas/new.html.erb within layouts/application
  Rendered ideas/_form.html.erb (Duration: 6.1ms | Allocations: 920)
  Rendered ideas/new.html.erb within layouts/application (Duration: 20.8ms | Allocations: 1054)
[Webpacker] Everything's up-to-date. Nothing to do
Completed 200 OK in 99ms (Views: 94.7ms | ActiveRecord: 0.0ms | Allocations: 7343)


Started GET "/ideas/new" for ::1 at 2020-04-12 17:00:54 +0200
Processing by IdeasController#new as HTML
  Rendering ideas/new.html.erb within layouts/application
  Rendered ideas/_form.html.erb (Duration: 2.7ms | Allocations: 1293)
  Rendered ideas/new.html.erb within layouts/application (Duration: 4.7ms | Allocations: 1652)
[Webpacker] Everything's up-to-date. Nothing to do
Completed 200 OK in 29ms (Views: 21.5ms | ActiveRecord: 0.0ms | Allocations: 6612)


Started GET "/ideas/new" for ::1 at 2020-04-12 17:01:15 +0200
Processing by IdeasController#new as HTML
  Rendering ideas/new.html.erb within layouts/application
  Rendered ideas/_form.html.erb (Duration: 3.9ms | Allocations: 1293)
  Rendered ideas/new.html.erb within layouts/application (Duration: 5.8ms | Allocations: 1646)
[Webpacker] Everything's up-to-date. Nothing to do
Completed 200 OK in 20ms (Views: 17.8ms | ActiveRecord: 0.0ms | Allocations: 6597)


Started GET "/ideas/new" for ::1 at 2020-04-12 17:01:17 +0200
Processing by IdeasController#new as HTML
  Rendering ideas/new.html.erb within layouts/application
  Rendered ideas/_form.html.erb (Duration: 2.5ms | Allocations: 926)
  Rendered ideas/new.html.erb within layouts/application (Duration: 3.0ms | Allocations: 1021)
[Webpacker] Everything's up-to-date. Nothing to do
Completed 200 OK in 11ms (Views: 10.4ms | ActiveRecord: 0.0ms | Allocations: 5018)


Started GET "/" for ::1 at 2020-04-12 17:02:52 +0200
Started GET "/ideas" for ::1 at 2020-04-12 17:02:52 +0200
Processing by IdeasController#index as HTML
  Rendering ideas/index.html.erb within layouts/application
  [1m[36mIdea Load (0.2ms)[0m  [1m[34mSELECT "ideas".* FROM "ideas"[0m
  ↳ app/views/ideas/index.html.erb:5
  Rendered ideas/index.html.erb within layouts/application (Duration: 5.4ms | Allocations: 1246)
[Webpacker] Everything's up-to-date. Nothing to do
Completed 200 OK in 58ms (Views: 53.7ms | ActiveRecord: 0.2ms | Allocations: 6204)


Started GET "/" for ::1 at 2020-04-12 17:07:10 +0200
  [1m[35m (4.0ms)[0m  [1m[34mSELECT sqlite_version(*)[0m
  [1m[35m (0.4ms)[0m  [1m[34mSELECT "schema_migrations"."version" FROM "schema_migrations" ORDER BY "schema_migrations"."version" ASC[0m
Started GET "/ideas" for ::1 at 2020-04-12 17:07:10 +0200
Processing by IdeasController#index as HTML
  Rendering ideas/index.html.erb within layouts/application
  [1m[36mIdea Load (0.7ms)[0m  [1m[34mSELECT "ideas".* FROM "ideas"[0m
  ↳ app/views/ideas/index.html.erb:5
  Rendered ideas/index.html.erb within layouts/application (Duration: 20.1ms | Allocations: 5578)
[Webpacker] Everything's up-to-date. Nothing to do
Completed 200 OK in 147ms (Views: 117.2ms | ActiveRecord: 1.4ms | Allocations: 19491)


Started GET "/ideas/new" for ::1 at 2020-04-12 17:07:17 +0200
Processing by IdeasController#new as HTML
  Rendering ideas/new.html.erb within layouts/application
  Rendered ideas/_form.html.erb (Duration: 65.1ms | Allocations: 3172)
  Rendered ideas/new.html.erb within layouts/application (Duration: 67.0ms | Allocations: 3540)
[Webpacker] Everything's up-to-date. Nothing to do
Completed 200 OK in 114ms (Views: 98.7ms | ActiveRecord: 0.0ms | Allocations: 8359)


Started GET "/ideas" for ::1 at 2020-04-12 17:07:19 +0200
Processing by IdeasController#index as HTML
  Rendering ideas/index.html.erb within layouts/application
  [1m[36mIdea Load (0.4ms)[0m  [1m[34mSELECT "ideas".* FROM "ideas"[0m
  ↳ app/views/ideas/index.html.erb:5
  Rendered ideas/index.html.erb within layouts/application (Duration: 13.1ms | Allocations: 977)
[Webpacker] Everything's up-to-date. Nothing to do
Completed 200 OK in 67ms (Views: 64.9ms | ActiveRecord: 0.4ms | Allocations: 6575)


